"../../../Engine/Content/Animation/DefaultAnimCurveCompressionSettings.uasset" 0
"../../../Engine/Content/ArtTools/RenderToTexture/Enums/RenderToTexture_Enum.uasset" 1
"../../../Engine/Content/ArtTools/RenderToTexture/Enums/RenderToTexture_Flipbook_Enum.uasset" 2
"../../../Engine/Content/ArtTools/RenderToTexture/Enums/RenderToTexture_Imposter_Enum.uasset" 3
"../../../Engine/Content/EditorBlueprintResources/StandardMacros.uasset" 4
"../../../Engine/Content/ArtTools/RenderToTexture/Enums/EIntTypes.uasset" 5
"../../../Engine/Content/ArtTools/RenderToTexture/Macros/RenderToTextureFunctionLibrary.uasset" 6
"../../../Engine/Content/ArtTools/RenderToTexture/Enums/EFloatTypes.uasset" 7
"../../../Engine/Content/ArtTools/RenderToTexture/Macros/RenderToTextureMacros.uasset" 8
"../../../Engine/Content/Functions/Engine_MaterialFunctions01/Opacity/CameraDepthFade.uasset" 9
"../../../Engine/Content/EngineMaterials/T_Default_Material_Grid_M.uasset" 10
"../../../Engine/Content/EngineMaterials/T_Default_Material_Grid_N.uasset" 11
"../../../Engine/Content/EngineMaterials/WorldGridMaterial.uasset" 12
"../../../Engine/Content/ArtTools/RenderToTexture/Meshes/S_1_Unit_Plane.uasset" 13
"../../../Engine/Content/EngineMaterials/DefaultMaterial.uasset" 14
"../../../Engine/Content/BasicShapes/Cone.uasset" 15
"../../../Engine/Content/BasicShapes/Cube.uasset" 16
"../../../Engine/Content/BasicShapes/Cylinder.uasset" 17
"../../../Engine/Content/BasicShapes/Plane.uasset" 18
"../../../Engine/Content/BasicShapes/Sphere.uasset" 19
"../../../Engine/Content/EngineMaterials/DefaultPhysicalMaterial.uasset" 20
"../../../Engine/Content/BufferVisualization/AmbientOcclusion.uasset" 21
"../../../Engine/Content/BufferVisualization/BaseColor.uasset" 22
"../../../Engine/Content/BufferVisualization/CustomDepth.uasset" 23
"../../../Engine/Content/Functions/Engine_MaterialFunctions02/Utility/VectorLength.uasset" 24
"../../../Engine/Content/BufferVisualization/CustomDepthWorldUnits.uasset" 25
"../../../Engine/Content/Functions/Engine_MaterialFunctions02/Utility/BreakOutFloat2Components.uasset" 26
"../../../Engine/Content/Functions/Engine_MaterialFunctions01/Texturing/ScaleUVsByCenter.uasset" 27
"../../../Engine/Content/Functions/Engine_MaterialFunctions02/ScreenResolution.uasset" 28
"../../../Engine/Content/Functions/Engine_MaterialFunctions02/Texturing/ScreenAlignedUVs.uasset" 29
"../../../Engine/Content/Functions/Engine_MaterialFunctions02/Utility/MakeFloat2.uasset" 30
"../../../Engine/Content/Functions/Engine_MaterialFunctions02/Utility/MakeFloat3.uasset" 31
"../../../Engine/Content/EngineMaterials/MiniFont.uasset" 32
"../../../Engine/Content/BufferVisualization/CustomStencil.uasset" 33
"../../../Engine/Content/BufferVisualization/FinalImage.uasset" 34
"../../../Engine/Content/BufferVisualization/LightingModel.uasset" 35
"../../../Engine/Content/BufferVisualization/MaterialAO.uasset" 36
"../../../Engine/Content/BufferVisualization/Metallic.uasset" 37
"../../../Engine/Content/BufferVisualization/Opacity.uasset" 38
"../../../Engine/Content/BufferVisualization/PostTonemapHDRColor.uasset" 39
"../../../Engine/Content/BufferVisualization/PreTonemapHDRColor.uasset" 40
"../../../Engine/Content/BufferVisualization/Roughness.uasset" 41
"../../../Engine/Content/BufferVisualization/SceneColor.uasset" 42
"../../../Engine/Content/BufferVisualization/SceneDepth.uasset" 43
"../../../Engine/Content/BufferVisualization/SceneDepthWorldUnits.uasset" 44
"../../../Engine/Content/BufferVisualization/SeparateTranslucencyA.uasset" 45
"../../../Engine/Content/BufferVisualization/SeparateTranslucencyRGB.uasset" 46
"../../../Engine/Content/BufferVisualization/Specular.uasset" 47
"../../../Engine/Content/BufferVisualization/SubsurfaceColor.uasset" 48
"../../../Engine/Content/BufferVisualization/Velocity.uasset" 49
"../../../Engine/Content/BufferVisualization/WorldNormal.uasset" 50
"../../../Engine/Content/EditorBlueprintResources/ActorMacros.uasset" 51
"../../../Engine/Content/EditorLandscapeResources/DataLayer.uasset" 52
"../../../Engine/Content/EditorLandscapeResources/DefaultAlphaTexture.uasset" 53
"../../../Engine/Content/EditorLandscapeResources/LandscapeGizmoHeight_Mat.uasset" 54
"../../../Engine/Content/EditorLandscapeResources/LandscapeGizmo_Mat.uasset" 55
"../../../Engine/Content/EditorLandscapeResources/LandscapeGizmo_Mat_Copied.uasset" 56
"../../../Engine/Content/EditorLandscapeResources/SplineEditorMeshMat.uasset" 57
"../../../Engine/Content/EditorLandscapeResources/SplineEditorMesh.uasset" 58
"../../../Engine/Content/EditorMaterials/Cross.uasset" 59
"../../../Engine/Content/EditorMaterials/Cross_Mat.uasset" 60
"../../../Engine/Content/EngineMaterials/DefaultDiffuse.uasset" 61
"../../../Engine/Content/Functions/Engine_MaterialFunctions01/Texturing/TextureCropping.uasset" 62
"../../../Engine/Content/Functions/Engine_MaterialFunctions01/Texturing/ComputeMipLevel.uasset" 63
"../../../Engine/Content/Functions/Engine_MaterialFunctions02/ExampleContent/DebugNumberStrip.uasset" 64
"../../../Engine/Content/Functions/Engine_MaterialFunctions02/ExampleContent/Textures/DebugNumberPeriod.uasset" 65
"../../../Engine/Content/Functions/Engine_MaterialFunctions02/Utility/DebugScalarValues.uasset" 66
"../../../Engine/Content/Functions/Engine_MaterialFunctions02/Utility/DebugFloat2Values.uasset" 67
"../../../Engine/Content/Functions/Engine_MaterialFunctions02/ExampleContent/Textures/flipbook.uasset" 68
"../../../Engine/Content/Functions/Engine_MaterialFunctions02/Texturing/FlipBook.uasset" 69
"../../../Engine/Content/Functions/Engine_MaterialFunctions02/Utility/Sign.uasset" 70
"../../../Engine/Content/Functions/Engine_MaterialFunctions02/Utility/Round.uasset" 71
"../../../Engine/Content/EditorResources/T_EditorHelp.uasset" 72
"../../../Engine/Content/EditorMaterials/HelpActorMaterial.uasset" 73
"../../../Engine/Content/EditorMaterials/CompositeARGBLayer.uasset" 74
"../../../Engine/Content/EditorMaterials/TilingAALineIntegral.uasset" 75
"../../../Engine/Content/EditorMaterials/TilingAALineBoxFiltered.uasset" 76
"../../../Engine/Content/Functions/Engine_MaterialFunctions03/Procedurals/ComputeFilterWidth.uasset" 77
"../../../Engine/Content/EditorMaterials/TilingAADots.uasset" 78
"../../../Engine/Content/EngineMaterials/BlendFunc_DefBase.uasset" 79
"../../../Engine/Content/EngineMaterials/BlendFunc_DefBlend.uasset" 80
"../../../Engine/Content/Functions/Engine_MaterialFunctions03/Blends/Blend_Screen.uasset" 81
"../../../Engine/Content/EditorMaterials/TilingAAGrid.uasset" 82
"../../../Engine/Content/EditorMaterials/LevelGridMaterial.uasset" 83
"../../../Engine/Content/EditorMaterials/MakeCompositeARGBLayer.uasset" 84
"../../../Engine/Content/EditorResources/LevelGrid1DStripes.uasset" 85
"../../../Engine/Content/EditorMaterials/TextureGridCascaded1D.uasset" 86
"../../../Engine/Content/EditorMaterials/TextureGridCascaded2D.uasset" 87
"../../../Engine/Content/EditorMaterials/LevelGridMaterial2.uasset" 88
"../../../Engine/Content/EditorMaterials/MAT_Groups_Toggle.uasset" 89
"../../../Engine/Content/EditorMaterials/MAT_Groups_Visibility.uasset" 90
"../../../Engine/Content/EditorMaterials/AntialiasedGridFloor.uasset" 91
"../../../Engine/Content/EditorResources/TilePatine_D.uasset" 92
"../../../Engine/Content/EditorResources/TilePatine_N.uasset" 93
"../../../Engine/Content/EngineMaterials/Grid.uasset" 94
"../../../Engine/Content/EditorMaterials/PersonaFloorMat.uasset" 95
"../../../Engine/Content/EditorMaterials/PhAT_BoneSelectedMaterial.uasset" 96
"../../../Engine/Content/EditorMaterials/PhAT_ElemSelectedMaterial.uasset" 97
"../../../Engine/Content/EditorMaterials/PhAT_NoCollisionMaterial.uasset" 98
"../../../Engine/Content/EditorMaterials/PhAT_UnselectedMaterial.uasset" 99
"../../../Engine/Content/EditorMaterials/PreviewShadowIndicator.uasset" 100
"../../../Engine/Content/EditorMaterials/PreviewShadowIndicatorMaterial.uasset" 101
"../../../Engine/Content/EditorMaterials/TargetIcon.uasset" 102
"../../../Engine/Content/EditorMaterials/Tick.uasset" 103
"../../../Engine/Content/EditorMaterials/Tick_Mat.uasset" 104
"../../../Engine/Content/EditorMaterials/WidgetGridVertexColorMaterial.uasset" 105
"../../../Engine/Content/EditorMaterials/WidgetGridVertexColorMaterial_Ma.uasset" 106
"../../../Engine/Content/EditorMaterials/WidgetMaterial.uasset" 107
"../../../Engine/Content/EditorMaterials/WidgetMaterial_Current.uasset" 108
"../../../Engine/Content/EditorMaterials/WidgetMaterial_X.uasset" 109
"../../../Engine/Content/EditorMaterials/WidgetMaterial_Y.uasset" 110
"../../../Engine/Content/EditorMaterials/WidgetMaterial_Z.uasset" 111
"../../../Engine/Content/EditorMaterials/WidgetVertexColorMaterial.uasset" 112
"../../../Engine/Content/EditorMaterials/MatineeGroups/MAT_ColorTrack.uasset" 113
"../../../Engine/Content/EditorMaterials/MatineeGroups/MAT_Groups_Anim.uasset" 114
"../../../Engine/Content/EditorMaterials/MatineeGroups/MAT_Groups_AudioMaster.uasset" 115
"../../../Engine/Content/EditorMaterials/MatineeGroups/MAT_Groups_Director.uasset" 116
"../../../Engine/Content/EditorMaterials/MatineeGroups/MAT_Groups_Event.uasset" 117
"../../../Engine/Content/EditorMaterials/MatineeGroups/MAT_Groups_Fade.uasset" 118
"../../../Engine/Content/EditorMaterials/MatineeGroups/MAT_Groups_Float.uasset" 119
"../../../Engine/Content/EditorMaterials/MatineeGroups/MAT_Groups_Move.uasset" 120
"../../../Engine/Content/EditorMaterials/MatineeGroups/MAT_Groups_Slomo.uasset" 121
"../../../Engine/Content/EditorMaterials/MatineeGroups/MAT_Groups_Sound.uasset" 122
"../../../Engine/Content/EditorMaterials/MatineeGroups/MAT_Groups_Vector.uasset" 123
"../../../Engine/Content/EditorMaterials/ParticleSystems/PSysThumbnail_NoImage.uasset" 124
"../../../Engine/Content/EditorMaterials/ParticleSystems/PSysThumbnail_OOD.uasset" 125
"../../../Engine/Content/EditorMaterials/Thumbnails/FloorPlaneMaterial.uasset" 126
"../../../Engine/Content/EditorMeshes/EditorCube.uasset" 127
"../../../Engine/Content/EditorMeshes/EditorCylinder.uasset" 128
"../../../Engine/Content/EditorMeshes/EditorPlane.uasset" 129
"../../../Engine/Content/EditorMaterials/Thumbnails/SkySphereMaterial.uasset" 130
"../../../Engine/Content/EditorMeshes/EditorSkySphere.uasset" 131
"../../../Engine/Content/EditorMeshes/EditorSphere.uasset" 132
"../../../Engine/Content/EditorResources/MatineeCam_D.uasset" 133
"../../../Engine/Content/EditorMaterials/MatineeCam_mat.uasset" 134
"../../../Engine/Content/EditorMeshes/MatineeCam_SM.uasset" 135
"../../../Engine/Content/Functions/Engine_MaterialFunctions01/Shading/ConvertFromDiffSpec.uasset" 136
"../../../Engine/Content/EditorMaterials/GridMaterial.uasset" 137
"../../../Engine/Content/EditorMeshes/PhAT_FloorBox.uasset" 138
"../../../Engine/Content/EditorMeshes/PlanarReflectionPlane.uasset" 139
"../../../Engine/Content/EditorMaterials/Camera/CineMat.uasset" 140
"../../../Engine/Content/EditorMaterials/Camera/MI_CineMat_CameraBody.uasset" 141
"../../../Engine/Content/EngineDebugMaterials/M_SimpleOpaque.uasset" 142
"../../../Engine/Content/EditorMaterials/Camera/MI_CineMat_CamViewFinder.uasset" 143
"../../../Engine/Content/EditorMeshes/Camera/SM_CineCam.uasset" 144
"../../../Engine/Content/EditorMaterials/Camera/MI_CineMat_Rig.uasset" 145
"../../../Engine/Content/EditorMeshes/Camera/SM_CraneRig_Arm.uasset" 146
"../../../Engine/Content/EditorMeshes/Camera/SM_CraneRig_Base.uasset" 147
"../../../Engine/Content/EditorMeshes/Camera/SM_CraneRig_Body.uasset" 148
"../../../Engine/Content/EditorMeshes/Camera/SM_CraneRig_Mount.uasset" 149
"../../../Engine/Content/EditorMeshes/Camera/SM_RailRig_Mount.uasset" 150
"../../../Engine/Content/EditorMeshes/Camera/SM_RailRig_Track.uasset" 151
"../../../Engine/Content/EditorMeshes/ColorCalibrator/M_ChromeBall.uasset" 152
"../../../Engine/Content/EditorResources/Bad.uasset" 153
"../../../Engine/Content/EditorResources/BSPVertex.uasset" 154
"../../../Engine/Content/EditorResources/EmptyActor.uasset" 155
"../../../Engine/Content/EditorResources/MatInstActSprite.uasset" 156
"../../../Engine/Content/EditorResources/SceneManager.uasset" 157
"../../../Engine/Content/EditorResources/SmallFont.uasset" 158
"../../../Engine/Content/EditorResources/S_Actor.uasset" 159
"../../../Engine/Content/EditorResources/S_DecalActorIcon.uasset" 160
"../../../Engine/Content/EditorResources/S_Emitter.uasset" 161
"../../../Engine/Content/EditorResources/S_ExpoHeightFog.uasset" 162
"../../../Engine/Content/EditorResources/S_FTest.uasset" 163
"../../../Engine/Content/EditorResources/S_KBSJoint.uasset" 164
"../../../Engine/Content/EditorResources/S_KHinge.uasset" 165
"../../../Engine/Content/EditorResources/S_KPrismatic.uasset" 166
"../../../Engine/Content/EditorResources/S_LevelSequence.uasset" 167
"../../../Engine/Content/EditorResources/S_NavP.uasset" 168
"../../../Engine/Content/EditorResources/S_Note.uasset" 169
"../../../Engine/Content/EditorResources/S_Player.uasset" 170
"../../../Engine/Content/EditorResources/S_PortalActorIcon2.uasset" 171
"../../../Engine/Content/EditorResources/S_RadForce.uasset" 172
"../../../Engine/Content/EditorResources/S_ReflActorIcon.uasset" 173
"../../../Engine/Content/EditorResources/S_SkyAtmosphere.uasset" 174
"../../../Engine/Content/EditorResources/S_Solver.uasset" 175
"../../../Engine/Content/EditorResources/S_Terrain.uasset" 176
"../../../Engine/Content/EditorResources/S_TextRenderActorIcon.uasset" 177
"../../../Engine/Content/EditorResources/S_Thruster.uasset" 178
"../../../Engine/Content/EditorResources/S_Trigger.uasset" 179
"../../../Engine/Content/EditorResources/S_VectorFieldVol.uasset" 180
"../../../Engine/Content/EditorResources/S_WindDirectional.uasset" 181
"../../../Engine/Content/EditorResources/AI/S_NavLink.uasset" 182
"../../../Engine/Content/EditorResources/LightIcons/SkyLight.uasset" 183
"../../../Engine/Content/EditorResources/LightIcons/S_LightDirectional.uasset" 184
"../../../Engine/Content/EditorResources/LightIcons/S_LightDirectionalMove.uasset" 185
"../../../Engine/Content/EditorResources/LightIcons/S_LightError.uasset" 186
"../../../Engine/Content/EditorResources/LightIcons/S_LightPoint.uasset" 187
"../../../Engine/Content/EditorResources/LightIcons/S_LightPointMove.uasset" 188
"../../../Engine/Content/EditorResources/LightIcons/S_LightSpot.uasset" 189
"../../../Engine/Content/EditorResources/LightIcons/S_LightSpotMove.uasset" 190
"../../../Engine/Content/EditorResources/SequenceRecorder/Countdown.uasset" 191
"../../../Engine/Content/EditorResources/SequenceRecorder/RecordingIndicator.uasset" 192
"../../../Engine/Content/EditorResources/Spline/T_Loft_Spline.uasset" 193
"../../../Engine/Content/EditorSounds/Notifications/CompileFailed.uasset" 194
"../../../Engine/Content/EditorSounds/Notifications/CompileFailed_Cue.uasset" 195
"../../../Engine/Content/EditorSounds/Notifications/CompileSuccess.uasset" 196
"../../../Engine/Content/EditorSounds/Notifications/CompileStart_Cue.uasset" 197
"../../../Engine/Content/EditorSounds/Notifications/CompileSuccess_Cue.uasset" 198
"../../../Engine/Content/EngineDamageTypes/DmgTypeBP_Environmental.uasset" 199
"../../../Engine/Content/EngineDebugMaterials/HeatmapGradient.uasset" 200
"../../../Engine/Content/EngineDebugMaterials/BoneWeightMaterial.uasset" 201
"../../../Engine/Content/EngineDebugMaterials/ClothMaterial.uasset" 202
"../../../Engine/Content/EngineDebugMaterials/ClothMaterial_WF.uasset" 203
"../../../Engine/Content/EngineDebugMaterials/DebugEditorMaterial.uasset" 204
"../../../Engine/Content/EngineDebugMaterials/DebugMeshMaterial.uasset" 205
"../../../Engine/Content/EngineDebugMaterials/GeomMaterial.uasset" 206
"../../../Engine/Content/EngineDebugMaterials/LevelColorationLitMaterial.uasset" 207
"../../../Engine/Content/EngineDebugMaterials/LevelColorationUnlitMaterial.uasset" 208
"../../../Engine/Content/EngineMaterials/DefaultWhiteGrid.uasset" 209
"../../../Engine/Content/EngineDebugMaterials/MAT_LevelColorationLitLightmapUV.uasset" 210
"../../../Engine/Content/EngineDebugMaterials/M_SimpleTranslucent.uasset" 211
"../../../Engine/Content/Functions/Engine_MaterialFunctions02/Utility/CameraDirectionVector.uasset" 212
"../../../Engine/Content/EngineDebugMaterials/VolumeToRender.uasset" 213
"../../../Engine/Content/EngineDebugMaterials/M_VolumeRenderSphereTracePP.uasset" 214
"../../../Engine/Content/EngineDebugMaterials/ShadedLevelColorationLitMaterial.uasset" 215
"../../../Engine/Content/EngineDebugMaterials/ShadedLevelColorationUnlitMateri.uasset" 216
"../../../Engine/Content/EngineDebugMaterials/VertexColorMaterial.uasset" 217
"../../../Engine/Content/EngineDebugMaterials/VertexColorViewMode_AlphaAsColor.uasset" 218
"../../../Engine/Content/EngineDebugMaterials/VertexColorViewMode_BlueOnly.uasset" 219
"../../../Engine/Content/EngineDebugMaterials/VertexColorViewMode_ColorOnly.uasset" 220
"../../../Engine/Content/EngineDebugMaterials/VertexColorViewMode_GreenOnly.uasset" 221
"../../../Engine/Content/EngineDebugMaterials/VertexColorViewMode_RedOnly.uasset" 222
"../../../Engine/Content/EngineDebugMaterials/WireframeMaterial.uasset" 223
"../../../Engine/Content/EngineFonts/Faces/DroidSansFallback.uasset" 224
"../../../Engine/Content/EngineFonts/Faces/RobotoBold.uasset" 225
"../../../Engine/Content/EngineFonts/Faces/RobotoBoldItalic.uasset" 226
"../../../Engine/Content/EngineFonts/Faces/RobotoItalic.uasset" 227
"../../../Engine/Content/EngineFonts/Faces/RobotoLight.uasset" 228
"../../../Engine/Content/EngineFonts/Faces/RobotoRegular.uasset" 229
"../../../Engine/Content/EngineFonts/Roboto.uasset" 230
"../../../Engine/Content/EngineFonts/Faces/RobotoTiny.uasset" 231
"../../../Engine/Content/EngineFonts/RobotoTiny.uasset" 232
"../../../Engine/Content/EngineFonts/SmallFont.uasset" 233
"../../../Engine/Content/EngineFonts/TinyFont.uasset" 234
"../../../Engine/Content/EngineMaterials/BaseFlattenDiffuseMap.uasset" 235
"../../../Engine/Content/EngineMaterials/BaseFlattenEmissiveMap.uasset" 236
"../../../Engine/Content/EngineMaterials/BaseFlattenGrayscaleMap.uasset" 237
"../../../Engine/Content/EngineMaterials/BaseFlattenNormalMap.uasset" 238
"../../../Engine/Content/EngineMaterials/BaseFlattenMaterial.uasset" 239
"../../../Engine/Content/EngineResources/WhiteSquareTexture.uasset" 240
"../../../Engine/Content/EngineMaterials/BlinkingCaret.uasset" 241
"../../../Engine/Content/EngineMaterials/BlueNoise.uasset" 242
"../../../Engine/Content/EngineMaterials/DefaultBloomKernel.uasset" 243
"../../../Engine/Content/EngineMaterials/DefaultBokeh.uasset" 244
"../../../Engine/Content/EngineMaterials/DefaultDeferredDecalMaterial.uasset" 245
"../../../Engine/Content/EngineMaterials/DefaultLightFunctionMaterial.uasset" 246
"../../../Engine/Content/EngineMaterials/DefaultNormal.uasset" 247
"../../../Engine/Content/EngineMaterials/DefaultPostProcessMaterial.uasset" 248
"../../../Engine/Content/EngineFonts/RobotoDistanceField.uasset" 249
"../../../Engine/Content/EngineMaterials/DefaultTextMaterialOpaque.uasset" 250
"../../../Engine/Content/EngineMaterials/DefaultVirtualTextureMaterial.uasset" 251
"../../../Engine/Content/EngineMaterials/EditorBrushMaterial.uasset" 252
"../../../Engine/Content/EngineMaterials/DefaultWhiteGrid_Low.uasset" 253
"../../../Engine/Content/EngineMaterials/EmissiveMeshMaterial.uasset" 254
"../../../Engine/Content/EngineMaterials/GizmoMaterial.uasset" 255
"../../../Engine/Content/EngineMaterials/Good64x64TilingNoiseHighFreq.uasset" 256
"../../../Engine/Content/EngineMaterials/Grid_N.uasset" 257
"../../../Engine/Content/EngineMaterials/HairColorMap.uasset" 258
"../../../Engine/Content/EngineMaterials/HairDebugColor.uasset" 259
"../../../Engine/Content/EngineMaterials/HairDebugMaterial.uasset" 260
"../../../Engine/Content/EngineMaterials/HairDefaultMaterial.uasset" 261
"../../../Engine/Content/EngineMaterials/HighResolutionScreenshotMaskFunction.uasset" 262
"../../../Engine/Content/EngineMaterials/HighResScreenshot.uasset" 263
"../../../Engine/Content/EngineMaterials/HighResScreenshotCaptureRegion.uasset" 264
"../../../Engine/Content/EngineMaterials/HighResScreenshotMask.uasset" 265
"../../../Engine/Content/EngineMaterials/LandscapeHolePhysicalMaterial.uasset" 266
"../../../Engine/Content/EngineMaterials/InvalidLightmapSettings.uasset" 267
"../../../Engine/Content/EngineMaterials/M_InvalidLightmapSettings.uasset" 268
"../../../Engine/Content/EngineMaterials/PaperDiffuse.uasset" 269
"../../../Engine/Content/EngineMaterials/PaperNormal.uasset" 270
"../../../Engine/Content/Functions/Engine_MaterialFunctions02/WorldPositionOffset/CameraOffset.uasset" 271
"../../../Engine/Content/EngineMaterials/PhAT_JointLimitMaterial.uasset" 272
"../../../Engine/Content/EngineMaterials/PhysMat_Rubber.uasset" 273
"../../../Engine/Content/EngineMaterials/PreintegratedSkinBRDF.uasset" 274
"../../../Engine/Content/EngineMaterials/RemoveSurfaceMaterial.uasset" 275
"../../../Engine/Content/EngineMaterials/WeightMapPlaceholderTexture.uasset" 276
"../../../Engine/Content/Functions/Engine_MaterialFunctions01/ImageAdjustment/sRGBToLinear.uasset" 277
"../../../Engine/Content/Functions/Engine_MaterialFunctions02/Utility/BreakOutFloat3Components.uasset" 278
"../../../Engine/Content/EngineMaterials/Widget3DCameraPassThrough_Opaque_OneSided.uasset" 279
"../../../Engine/Content/EngineMaterials/Widget3DPassThrough.uasset" 280
"../../../Engine/Content/EngineMaterials/Widget3DPassThrough_Masked.uasset" 281
"../../../Engine/Content/EngineMaterials/Widget3DPassThrough_Opaque.uasset" 282
"../../../Engine/Content/EngineMaterials/Widget3DPassThrough_Masked_OneSided.uasset" 283
"../../../Engine/Content/EngineMaterials/Widget3DPassThrough_Opaque_OneSided.uasset" 284
"../../../Engine/Content/EngineMaterials/Widget3DPassThrough_Translucent.uasset" 285
"../../../Engine/Content/EngineMaterials/Widget3DPassThrough_Translucent_OneSided.uasset" 286
"../../../Engine/Content/EngineMeshes/Cylinder.uasset" 287
"../../../Engine/Content/EngineMeshes/Sphere.uasset" 288
"../../../Engine/Content/EngineResources/Black.uasset" 289
"../../../Engine/Content/EngineResources/DefaultTexture.uasset" 290
"../../../Engine/Content/EngineResources/DefaultTextureCube.uasset" 291
"../../../Engine/Content/EngineResources/DefaultVolumeTexture2D.uasset" 292
"../../../Engine/Content/EngineResources/DefaultVolumeTexture.uasset" 293
"../../../Engine/Content/EngineResources/GradientTexture0.uasset" 294
"../../../Engine/Content/EngineResources/StreamingPauseIcon.uasset" 295
"../../../Engine/Content/EngineResources/M_StreamingPause.uasset" 296
"../../../Engine/Content/EngineSounds/Master.uasset" 297
"../../../Engine/Content/Functions/Engine_MaterialFunctions01/Shading/PowerToRoughness.uasset" 298
"../../../Engine/Content/Maps/Templates/Thumbnails/Default.uasset" 299
"../../../Engine/Content/Maps/Templates/Thumbnails/TimeOfDay.uasset" 300
"../../../Engine/Content/Maps/Templates/Thumbnails/VR-Basic.uasset" 301
"../../../Engine/Content/MapTemplates/Sky/DaylightAmbientCubemap.uasset" 302
"../../../Engine/Content/MobileResources/T_MobileControls_texture.uasset" 303
"../../../Engine/Content/MobileResources/T_MobileMenu2.uasset" 304
"../../../Engine/Content/MobileResources/HUD/AnalogHat.uasset" 305
"../../../Engine/Content/MobileResources/HUD/VirtualJoystick_Background.uasset" 306
"../../../Engine/Content/MobileResources/HUD/VirtualJoystick_Thumb.uasset" 307
"../../../Engine/Content/MobileResources/HUD/DefaultVirtualJoysticks.uasset" 308
"../../../Engine/Content/MobileResources/HUD/LeftVirtualJoystickOnly.uasset" 309
"../../../Engine/Content/MobileResources/HUD/MobileHUDButton1_off.uasset" 310
"../../../Engine/Content/MobileResources/HUD/MobileHUDButton1_on.uasset" 311
"../../../Engine/Content/MobileResources/HUD/MobileHUDButton2_off.uasset" 312
"../../../Engine/Content/MobileResources/HUD/MobileHUDButton2_on.uasset" 313
"../../../Engine/Content/MobileResources/HUD/MobileHUDButton3.uasset" 314
"../../../Engine/Content/MobileResources/HUD/MobileHUDButtonFire.uasset" 315
"../../../Engine/Content/MobileResources/HUD/MobileHUDDirectionPad.uasset" 316
"../../../Engine/Content/MobileResources/HUD/MobileHUDDirectionPad2.uasset" 317
"../../../Engine/Content/MobileResources/HUD/MobileHUDDirectionPad3.uasset" 318
"../../../Engine/Content/MobileResources/HUD/MobileHUDDirectionStick.uasset" 319
"../../../Engine/Content/MobileResources/HUD/T_Castle_ThumbstickInner.uasset" 320
"../../../Engine/Content/MobileResources/HUD/T_Castle_ThumbstickOutter.uasset" 321
"../../../Engine/Content/Tutorial/ContentIntroCurve.uasset" 322
"../../../Engine/Content/Tutorial/Basics/LevelEditorAttract.uasset" 323
"../../../Engine/Content/Tutorial/Basics/TutorialAssets/icon_tab_Levels_40x.uasset" 324
"../../../Engine/Content/Tutorial/Basics/LevelEditorOverview.uasset" 325
"../../../Engine/Content/Tutorial/BlueprintTutorials/TutorialAssets/Blueprint_64x.uasset" 326
"../../../Engine/Content/Tutorial/BlueprintTutorials/BlueprintEditorTutorial.uasset" 327
"../../../Engine/Content/Tutorial/BlueprintTutorials/TutorialAssets/Tutorial_BP_MacroLib.uasset" 328
"../../../Engine/Content/Tutorial/Installation/InstallingVisualStudioTutorial.uasset" 329
"../../../Engine/Content/VREditor/LaserPointer/VR_LaserPower_01.uasset" 330
"../../../Engine/Content/VREditor/TransformGizmo/TransformGizmoMaterial.uasset" 331
"../../../Engine/Content/VREditor/TransformGizmo/TranslucentTransformGizmoMaterial.uasset" 332
"../../../Engine/Content/VREditor/TransformGizmo/BoundingBoxCorner.uasset" 333
"../../../Engine/Content/VREditor/TransformGizmo/BoundingBoxEdge.uasset" 334
"../../../Engine/Content/VREditor/TransformGizmo/PlaneTranslationHandle.uasset" 335
"../../../Engine/Content/VREditor/TransformGizmo/Main.uasset" 336
"../../../Engine/Content/VREditor/TransformGizmo/Xray.uasset" 337
"../../../Engine/Content/VREditor/TransformGizmo/SM_Sequencer_Key.uasset" 338
"../../../Engine/Content/VREditor/TransformGizmo/SM_Sequencer_Node.uasset" 339
"D:/Projects/TodoBro009/Content/Core/ModelPartENUM.uasset" 340
"D:/Projects/TodoBro009/Content/Core/QualityENUM.uasset" 341
"D:/Projects/TodoBro009/Content/FX/Sound/Robo_Boom_Step.uasset" 342
"D:/Projects/TodoBro009/Content/FX/Sound/Robo_Step_1.uasset" 343
"D:/Projects/TodoBro009/Content/FX/Sound/Robo_Step_2.uasset" 344
"D:/Projects/TodoBro009/Content/GUI/GFX/circle.uasset" 345
"D:/Projects/TodoBro009/Content/GUI/GFX/health-normal.uasset" 346
"D:/Projects/TodoBro009/Content/GUI/Left_MovementTouchInterface.uasset" 347
"../../Plugins/2D/Paper2D/Content/PlaceholderTextures/DummySpriteTexture.uasset" 348
"../../Plugins/2D/Paper2D/Content/DummySprite.uasset" 349
"../../Plugins/2D/Paper2D/Content/DefaultPaperTerrainMaterial.uasset" 350
"../../Plugins/2D/Paper2D/Content/DefaultSpriteMaterial.uasset" 351
"../../Plugins/2D/Paper2D/Content/MaskedUnlitSpriteMaterial.uasset" 352
"../../Plugins/2D/Paper2D/Content/OpaqueUnlitSpriteMaterial.uasset" 353
"../../Plugins/Enterprise/DatasmithContent/Content/Blueprints/FBXImporter/FBXImporterUtils.uasset" 354
"../../../Engine/Content/Functions/Engine_MaterialFunctions02/Utility/BreakOutFloat4Components.uasset" 355
"../../Plugins/Runtime/Oculus/OculusVR/Content/Materials/OculusMR_ChromaKey.uasset" 356
"../../Plugins/Runtime/Oculus/OculusVR/Content/Materials/OculusMR_ChromaKey_Lit.uasset" 357
"../../Plugins/Runtime/Oculus/OculusVR/Content/Materials/OculusMR_OpaqueColoredMaterial.uasset" 358
"../../Plugins/Runtime/Oculus/OculusVR/Content/Materials/OculusMR_WhiteMaterial.uasset" 359
"../../../Engine/Content/Maps/Entry_BuiltData.uasset" 360
"../../../Engine/Content/Maps/Entry.umap" 361
"../../../Engine/Content/EngineMeshes/Humanoid.uasset" 362
"D:/Projects/TodoBro009/Content/Character/Temp/Guard/Guard_Skeleton.uasset" 363
"D:/Projects/TodoBro009/Content/Character/Temp/Guard/Animations/Breathing_Idle.uasset" 364
"D:/Projects/TodoBro009/Content/Character/Temp/Guard/Animations/Walking.uasset" 365
"D:/Projects/TodoBro009/Content/Character/Temp/Guard/Animations/Normal_BlendSpace1D.uasset" 366
"D:/Projects/TodoBro009/Content/FX/Sound/Robo_Move.uasset" 367
"D:/Projects/TodoBro009/Content/FX/Sound/RoboMove.uasset" 368
"D:/Projects/TodoBro009/Content/FX/Sound/RoboSteps.uasset" 369
"D:/Projects/TodoBro009/Content/Character/Temp/Guard/Animations/Guard_AnimBlueprint.uasset" 370
"D:/Projects/TodoBro009/Content/Character/AI/NPC_BlackboardData.uasset" 371
"D:/Projects/TodoBro009/Content/Character/AI/MoveTarget_BTService.uasset" 372
"D:/Projects/TodoBro009/Content/Character/AI/NPC_BehaviorTree.uasset" 373
"D:/Projects/TodoBro009/Content/Character/AI/MyAIController.uasset" 374
"D:/Projects/TodoBro009/Content/Core/NamedInterface.uasset" 375
"D:/Projects/TodoBro009/Content/GUI/Fonts/BebasNeue_Bold_Font.uasset" 376
"D:/Projects/TodoBro009/Content/Character/AI/SilentWalkableNPC.uasset" 377
"../../../Engine/Content/Functions/Engine_MaterialFunctions03/Blends/Blend_Overlay.uasset" 378
"D:/Projects/TodoBro009/Content/Material/Metal/Metal_D.uasset" 379
"D:/Projects/TodoBro009/Content/Material/Metal/Metal_N.uasset" 380
"D:/Projects/TodoBro009/Content/Material/Metal/OneMetal_M.uasset" 381
"D:/Projects/TodoBro009/Content/Material/Metal/Red_Metal.uasset" 382
"D:/Projects/TodoBro009/Content/Material/Metal/Blue_Metal.uasset" 383
"D:/Projects/TodoBro009/Content/Character/Temp/Guard/Guard_PhysicsAsset.uasset" 384
"D:/Projects/TodoBro009/Content/Character/Temp/Guard/Guard_SkeletalMesh.uasset" 385
"D:/Projects/TodoBro009/Content/Character/Temp/EnemyGuard.uasset" 386
"D:/Projects/TodoBro009/Content/Character/Temp/Guard.uasset" 387
"D:/Projects/TodoBro009/Content/Character/Temp/LightBulb/LightBulb_R3_Skeleton.uasset" 388
"D:/Projects/TodoBro009/Content/Character/Temp/LightBulb/Animations/Looking_Around.uasset" 389
"D:/Projects/TodoBro009/Content/Character/Temp/LightBulb/Animations/Walking.uasset" 390
"D:/Projects/TodoBro009/Content/Character/Temp/LightBulb/Animations/Normal_BlendSpace1D.uasset" 391
"D:/Projects/TodoBro009/Content/Character/Temp/LightBulb/Animations/LightBulb_AnimBlueprint.uasset" 392
"D:/Projects/TodoBro009/Content/Character/Temp/LightBulb/LightBulb_R3_PhysicsAsset.uasset" 393
"D:/Projects/TodoBro009/Content/Character/Temp/LightBulb/LightBulb_R3_SkeletalMesh.uasset" 394
"D:/Projects/TodoBro009/Content/Character/Temp/LightBulbSilent.uasset" 395
"D:/Projects/TodoBro009/Content/Character/Temp/Orlando/Orlando_Skeleton.uasset" 396
"D:/Projects/TodoBro009/Content/Character/Temp/Orlando/Animations/Idle.uasset" 397
"D:/Projects/TodoBro009/Content/Character/Temp/Orlando/Animations/Walking.uasset" 398
"D:/Projects/TodoBro009/Content/Character/Temp/Orlando/Animations/Normal_BlendSpace1D.uasset" 399
"D:/Projects/TodoBro009/Content/Character/Temp/Orlando/Animations/Orlando_AnimBlueprint.uasset" 400
"D:/Projects/TodoBro009/Content/Material/Textures/LPT_Default_N.uasset" 401
"D:/Projects/TodoBro009/Content/Material/Textures/Paper/Paper_Seamless_256x256.uasset" 402
"D:/Projects/TodoBro009/Content/Material/Metal/GlassMetal_M.uasset" 403
"D:/Projects/TodoBro009/Content/Character/Temp/Orlando/Orlando_PhysicsAsset.uasset" 404
"D:/Projects/TodoBro009/Content/Character/Temp/Orlando/Orlando_SkeletalMesh.uasset" 405
"D:/Projects/TodoBro009/Content/Character/Temp/OrlandoSilent.uasset" 406
"D:/Projects/TodoBro009/Content/Character/Temp/Pellegrino/Pellegrino_Skeleton.uasset" 407
"D:/Projects/TodoBro009/Content/Character/Temp/Pellegrino/Animations/Dwarf_Idle.uasset" 408
"D:/Projects/TodoBro009/Content/Character/Temp/Pellegrino/Animations/Walking.uasset" 409
"D:/Projects/TodoBro009/Content/Character/Temp/Pellegrino/Animations/Normal_BlendSpace1D.uasset" 410
"D:/Projects/TodoBro009/Content/Character/Temp/Pellegrino/Animations/Pellegrino_AnimBlueprint.uasset" 411
"D:/Projects/TodoBro009/Content/Character/Temp/Pellegrino/Pellegrino_PhysicsAsset.uasset" 412
"D:/Projects/TodoBro009/Content/Character/Temp/Pellegrino/Pellegrino_SkeletalMesh.uasset" 413
"D:/Projects/TodoBro009/Content/Character/Temp/Pellegrino.uasset" 414
"D:/Projects/TodoBro009/Content/Character/Temp/Umbertro/Umberto_Skeleton.uasset" 415
"D:/Projects/TodoBro009/Content/Character/Temp/Umbertro/Animations/Drunk_Idle_Variation.uasset" 416
"D:/Projects/TodoBro009/Content/Character/Temp/Umbertro/Animations/Walking.uasset" 417
"D:/Projects/TodoBro009/Content/Character/Temp/Umbertro/Animations/Normal_BlendSpace1D.uasset" 418
"D:/Projects/TodoBro009/Content/Character/Temp/Umbertro/Animations/Umberto_AnimBlueprint.uasset" 419
"D:/Projects/TodoBro009/Content/Character/Temp/Umbertro/Umberto_PhysicsAsset.uasset" 420
"D:/Projects/TodoBro009/Content/Character/Temp/Umbertro/Umberto_SkeletalMesh.uasset" 421
"D:/Projects/TodoBro009/Content/Character/Temp/Umberto.uasset" 422
"D:/Projects/TodoBro009/Content/Character/Ability/TalkStruct.uasset" 423
"D:/Projects/TodoBro009/Content/Character/Ability/TalksStructArray.uasset" 424
"D:/Projects/TodoBro009/Content/DataTables/Talks.uasset" 425
"D:/Projects/TodoBro009/Content/Character/Ability/Talk.uasset" 426
"D:/Projects/TodoBro009/Content/Character/Temp/Bokkacho/Bokkacho_Skeleton.uasset" 427
"D:/Projects/TodoBro009/Content/Character/Temp/Bokkacho/Animations/Firing_Rifle.uasset" 428
"D:/Projects/TodoBro009/Content/Character/Temp/Bokkacho/Animations/Idle_1.uasset" 429
"D:/Projects/TodoBro009/Content/Character/Temp/Bokkacho/Animations/Idle_2_Sad.uasset" 430
"D:/Projects/TodoBro009/Content/Character/Temp/Bokkacho/Animations/Idle_3.uasset" 431
"D:/Projects/TodoBro009/Content/Character/Temp/Bokkacho/Animations/Idle_4_Happy.uasset" 432
"D:/Projects/TodoBro009/Content/Character/Temp/Bokkacho/Animations/Jump_End.uasset" 433
"D:/Projects/TodoBro009/Content/Character/Temp/Bokkacho/Animations/Jump_Falling.uasset" 434
"D:/Projects/TodoBro009/Content/Character/Temp/Bokkacho/Animations/Crouch_Female_Pose.uasset" 435
"D:/Projects/TodoBro009/Content/Character/Temp/Bokkacho/Animations/Crouched_Run.uasset" 436
"D:/Projects/TodoBro009/Content/Character/Temp/Bokkacho/Animations/Crouched_Walk.uasset" 437
"D:/Projects/TodoBro009/Content/Character/Temp/Bokkacho/Animations/Crouch_BlendSpace1D.uasset" 438
"D:/Projects/TodoBro009/Content/Character/Temp/Bokkacho/Animations/Normal_Run.uasset" 439
"D:/Projects/TodoBro009/Content/Character/Temp/Bokkacho/Animations/Normal_Walk.uasset" 440
"D:/Projects/TodoBro009/Content/Character/Temp/Bokkacho/Animations/Normal_BlendSpace1D.uasset" 441
"D:/Projects/TodoBro009/Content/Character/Temp/Bokkacho/Animations/Idle.uasset" 442
"D:/Projects/TodoBro009/Content/Character/Temp/Bokkacho/Animations/Rifle_Crouch_Walk.uasset" 443
"D:/Projects/TodoBro009/Content/Character/Temp/Bokkacho/Animations/Rifle_Run.uasset" 444
"D:/Projects/TodoBro009/Content/Character/Temp/Bokkacho/Animations/Rifle_BlendSpace1D.uasset" 445
"D:/Projects/TodoBro009/Content/Character/Temp/Bokkacho/Animations/Bokkacho_AnimBlueprint.uasset" 446
"D:/Projects/TodoBro009/Content/Character/Temp/Bokkacho/Animations/Talking.uasset" 447
"D:/Projects/TodoBro009/Content/Character/Temp/Bokkacho/Animations/Bokkacho_Talking.uasset" 448
"D:/Projects/TodoBro009/Content/Core/MyGameInstance.uasset" 449
"D:/Projects/TodoBro009/Content/Material/SimpleModelMaterial.uasset" 450
"D:/Projects/TodoBro009/Content/Material/Instances/Robot01.uasset" 451
"D:/Projects/TodoBro009/Content/Material/Instances/Robot02.uasset" 452
"D:/Projects/TodoBro009/Content/Material/Instances/Robot04.uasset" 453
"D:/Projects/TodoBro009/Content/Material/Instances/Robot11DarkBlue.uasset" 454
"D:/Projects/TodoBro009/Content/Material/Instances/Robot11DarkGrey.uasset" 455
"D:/Projects/TodoBro009/Content/Core/AttributeENUM.uasset" 456
"D:/Projects/TodoBro009/Content/Core/MyCoreFunctionLibrary.uasset" 457
"D:/Projects/TodoBro009/Content/Core/MySaveGame.uasset" 458
"D:/Projects/TodoBro009/Content/Core/AttributeStruct.uasset" 459
"D:/Projects/TodoBro009/Content/Core/PlayerAttributes.uasset" 460
"D:/Projects/TodoBro009/Content/Character/Temp/Bokkacho/Bokkacho_PhysicsAsset.uasset" 461
"D:/Projects/TodoBro009/Content/Character/Temp/Bokkacho/Bokkacho_SkeletalMesh.uasset" 462
"D:/Projects/TodoBro009/Content/FX/Sound/Robo_Jump.uasset" 463
"D:/Projects/TodoBro009/Content/FX/Sound/Robo_Jump_Cue.uasset" 464
"D:/Projects/TodoBro009/Content/Character/Temp/Bokkacho.uasset" 465
"D:/Projects/TodoBro009/Content/Character/Temp/LightBulb/Animations/Talking.uasset" 466
"D:/Projects/TodoBro009/Content/Character/Temp/LightBulb/Animations/LightBulb_Talking.uasset" 467
"D:/Projects/TodoBro009/Content/Character/Temp/Keeper/Keeper_Skeleton.uasset" 468
"D:/Projects/TodoBro009/Content/Character/Temp/Keeper/Animations/Ninja_Idle.uasset" 469
"D:/Projects/TodoBro009/Content/Character/Temp/Keeper/Keeper_PhysicsAsset.uasset" 470
"D:/Projects/TodoBro009/Content/Character/Temp/Keeper/Keeper_SkeletalMesh.uasset" 471
"D:/Projects/TodoBro009/Content/Character/Temp/Keeper.uasset" 472
"D:/Projects/TodoBro009/Content/Character/Temp/LightBulb.uasset" 473
"D:/Projects/TodoBro009/Content/Character/Temp/Luchiano/Luchiano_Skeleton.uasset" 474
"D:/Projects/TodoBro009/Content/Character/Temp/Luchiano/Animations/Unarmed_Idle_Looking_Ver__2.uasset" 475
"D:/Projects/TodoBro009/Content/Character/Temp/Luchiano/Animations/Walking.uasset" 476
"D:/Projects/TodoBro009/Content/Character/Temp/Luchiano/Animations/Normal_BlendSpace1D.uasset" 477
"D:/Projects/TodoBro009/Content/Character/Temp/Luchiano/Animations/Luchiano_AnimBlueprint.uasset" 478
"D:/Projects/TodoBro009/Content/Character/Temp/Luchiano/Animations/Talking.uasset" 479
"D:/Projects/TodoBro009/Content/Character/Temp/Luchiano/Animations/Talking_Montage.uasset" 480
"D:/Projects/TodoBro009/Content/Character/Temp/Luchiano/Luchiano_PhysicsAsset.uasset" 481
"D:/Projects/TodoBro009/Content/Character/Temp/Luchiano/Luchiano.uasset" 482
"D:/Projects/TodoBro009/Content/Character/Temp/Luchiano.uasset" 483
"D:/Projects/TodoBro009/Content/Character/Temp/Marcello/Marcello_Skeleton.uasset" 484
"D:/Projects/TodoBro009/Content/Character/Temp/Marcello/Animations/Holding_Walk.uasset" 485
"D:/Projects/TodoBro009/Content/Character/Temp/Marcello/Animations/Idle.uasset" 486
"D:/Projects/TodoBro009/Content/Character/Temp/Marcello/Animations/Normal_BlendSpace1D.uasset" 487
"D:/Projects/TodoBro009/Content/Character/Temp/Marcello/Animations/Marcello_AnimBlueprint.uasset" 488
"D:/Projects/TodoBro009/Content/Character/Temp/Marcello/Animations/Talking.uasset" 489
"D:/Projects/TodoBro009/Content/Character/Temp/Marcello/Animations/Talking_Montage.uasset" 490
"D:/Projects/TodoBro009/Content/Character/Temp/Marcello/Marcello_PhysicsAsset.uasset" 491
"D:/Projects/TodoBro009/Content/Character/Temp/Marcello/Marcello.uasset" 492
"D:/Projects/TodoBro009/Content/Character/Temp/Marcello.uasset" 493
"D:/Projects/TodoBro009/Content/Character/Temp/Orlando.uasset" 494
"D:/Projects/TodoBro009/Content/Character/Temp/Renata/Renata_Skeleton.uasset" 495
"D:/Projects/TodoBro009/Content/Character/Temp/Renata/Animations/Female_Walk.uasset" 496
"D:/Projects/TodoBro009/Content/Character/Temp/Renata/Animations/Idle.uasset" 497
"D:/Projects/TodoBro009/Content/Character/Temp/Renata/Animations/Normal_BlendSpace1D.uasset" 498
"D:/Projects/TodoBro009/Content/Character/Temp/Renata/Animations/Renata_AnimBlueprint.uasset" 499
"D:/Projects/TodoBro009/Content/Character/Temp/Renata/Animations/Standing_Arguing.uasset" 500
"D:/Projects/TodoBro009/Content/Character/Temp/Renata/Animations/RenataStanding_Arguing_Montage.uasset" 501
"D:/Projects/TodoBro009/Content/Character/Temp/Renata/Renata_PhysicsAsset.uasset" 502
"D:/Projects/TodoBro009/Content/Character/Temp/Renata/Renata.uasset" 503
"D:/Projects/TodoBro009/Content/Character/Temp/Renata.uasset" 504
"D:/Projects/TodoBro009/Content/Character/Temp/Silvio/Silvio_Skeleton.uasset" 505
"D:/Projects/TodoBro009/Content/Character/Temp/Silvio/Animations/Hip_Hop_Dancing.uasset" 506
"D:/Projects/TodoBro009/Content/Character/Temp/Silvio/Silvio_PhysicsAsset.uasset" 507
"D:/Projects/TodoBro009/Content/Character/Temp/Silvio/Silvio.uasset" 508
"D:/Projects/TodoBro009/Content/Character/Temp/Silvio.uasset" 509
"D:/Projects/TodoBro009/Content/Character/Temp/Simona/Simona_Skeleton.uasset" 510
"D:/Projects/TodoBro009/Content/Character/Temp/Simona/Animations/Hip_Hop_Dancing.uasset" 511
"D:/Projects/TodoBro009/Content/Character/Temp/Simona/Simona_PhysicsAsset.uasset" 512
"D:/Projects/TodoBro009/Content/Character/Temp/Simona/Simona.uasset" 513
"D:/Projects/TodoBro009/Content/Character/Temp/Simona.uasset" 514
"D:/Projects/TodoBro009/Content/Core/MyGameMode.uasset" 515
"../../../Engine/Content/EngineSky/C_Sky_Cloud_Color.uasset" 516
"../../../Engine/Content/EngineSky/C_Sky_Horizon_Color.uasset" 517
"../../../Engine/Content/EngineSky/C_Sky_Zenith_Color.uasset" 518
"D:/Projects/TodoBro009/Content/Material/Textures/Sky/Sky_Blue.uasset" 519
"D:/Projects/TodoBro009/Content/Material/Textures/Sky/Sky_Clouds_M.uasset" 520
"D:/Projects/TodoBro009/Content/Material/Textures/Sky/Stars.uasset" 521
"D:/Projects/TodoBro009/Content/Material/M_Sky.uasset" 522
"../../../Engine/Content/EngineSky/T_Sky_Blue.uasset" 523
"../../../Engine/Content/EngineSky/T_Sky_Clouds_M.uasset" 524
"../../../Engine/Content/EngineSky/T_Sky_Stars.uasset" 525
"../../../Engine/Content/EngineSky/M_Sky_Panning_Clouds2.uasset" 526
"../../../Engine/Content/EngineSky/SM_SkySphere.uasset" 527
"D:/Projects/TodoBro009/Content/Core/Sky_Sphere.uasset" 528
"../../../Engine/Content/Functions/Engine_MaterialFunctions02/WorldPositionOffset/ObjectScale.uasset" 529
"D:/Projects/TodoBro009/Content/SuperGrid/StarterPack/Materials/Functions/Basic/BreakSet.uasset" 530
"D:/Projects/TodoBro009/Content/SuperGrid/StarterPack/Materials/Functions/Basic/MakeSet.uasset" 531
"D:/Projects/TodoBro009/Content/SuperGrid/StarterPack/Materials/Functions/Basic/Roughness.uasset" 532
"D:/Projects/TodoBro009/Content/SuperGrid/StarterPack/Materials/Functions/Texture/Dye_SingleColor.uasset" 533
"D:/Projects/TodoBro009/Content/SuperGrid/StarterPack/Source/Textures/T_BasicGrid_M.uasset" 534
"D:/Projects/TodoBro009/Content/SuperGrid/StarterPack/Materials/Functions/Texture/Tex_SimpleGrid.uasset" 535
"D:/Projects/TodoBro009/Content/SuperGrid/StarterPack/Materials/Functions/UV/UV_ObjectScalable.uasset" 536
"D:/Projects/TodoBro009/Content/SuperGrid/StarterPack/Materials/Functions/UV/UV_SetupGrid.uasset" 537
"D:/Projects/TodoBro009/Content/SuperGrid/StarterPack/Source/Textures/T_BasicGrid_N.uasset" 538
"D:/Projects/TodoBro009/Content/SuperGrid/StarterPack/Materials/Base/M_SuperGrid_SingleColor.uasset" 539
"D:/Projects/TodoBro009/Content/SuperGrid/StarterPack/Materials/Palette/Grids/M_SuperGrid_Default.uasset" 540
"D:/Projects/TodoBro009/Content/SuperGrid/StarterPack/Source/Meshes/SuperGrid_BoxCentered.uasset" 541
"D:/Projects/TodoBro009/Content/Mesh/TitledMesh.uasset" 542
"../../../Engine/Content/Functions/Engine_MaterialFunctions01/SpeedTree/SpeedTreeBillboardNormals.uasset" 543
"../../../Engine/Content/Functions/Engine_MaterialFunctions01/SpeedTree/SpeedTreeCrossfadeBillboard.uasset" 544
"D:/Projects/TodoBro009/Content/Mesh/Foliage/Test3/TreeA_Billboard_Color_Tex.uasset" 545
"D:/Projects/TodoBro009/Content/Mesh/Foliage/Test3/TreeA_Billboard_Normal_Tex.uasset" 546
"D:/Projects/TodoBro009/Content/Mesh/Foliage/Test3/TreeA_Billboard_Billboard_Mat.uasset" 547
"D:/Projects/TodoBro009/Content/Mesh/Foliage/Test3/TreeA_Color_Tex.uasset" 548
"D:/Projects/TodoBro009/Content/Mesh/Foliage/Test3/TreeA_Normal_Tex.uasset" 549
"D:/Projects/TodoBro009/Content/Mesh/Foliage/Test3/TreeA_Frond_Mat.uasset" 550
"D:/Projects/TodoBro009/Content/Mesh/Foliage/Test3/Tree_Frond_MI.uasset" 551
"D:/Projects/TodoBro009/Content/Mesh/Foliage/Test3/TreeA.uasset" 552
"D:/Projects/TodoBro009/Content/Mesh/Foliage/TreeA_InstancedStaticMeshFoliage.uasset" 553
"D:/Projects/TodoBro009/Content/Mesh/Foliage/Test3/TreeB_Billboard_Color_Tex.uasset" 554
"D:/Projects/TodoBro009/Content/Mesh/Foliage/Test3/TreeB_Billboard_Normal_Tex.uasset" 555
"D:/Projects/TodoBro009/Content/Mesh/Foliage/Test3/TreeB_Billboard_Billboard_Mat.uasset" 556
"D:/Projects/TodoBro009/Content/Mesh/Foliage/Test3/TreeB.uasset" 557
"D:/Projects/TodoBro009/Content/Mesh/Foliage/TreeB_InstancedStaticMeshFoliage.uasset" 558
"D:/Projects/TodoBro009/Content/Mesh/Foliage/Test3/TreeC_Billboard_Color_Tex.uasset" 559
"D:/Projects/TodoBro009/Content/Mesh/Foliage/Test3/TreeC_Billboard_Normal_Tex.uasset" 560
"D:/Projects/TodoBro009/Content/Mesh/Foliage/Test3/TreeC_Billboard_Billboard_Mat.uasset" 561
"D:/Projects/TodoBro009/Content/Mesh/Foliage/Test3/TreeC.uasset" 562
"D:/Projects/TodoBro009/Content/Mesh/Foliage/TreeC_InstancedStaticMeshFoliage.uasset" 563
"../../../Engine/Content/Functions/Engine_MaterialFunctions01/Gradient/LinearGradient.uasset" 564
"../../../Engine/Content/Functions/Engine_MaterialFunctions01/WorldPositionOffset/SimpleGrassWind.uasset" 565
"D:/Projects/TodoBro009/Content/Material/Landscape/GrassSimple.uasset" 566
"D:/Projects/TodoBro009/Content/Material/Landscape/Grass.uasset" 567
"D:/Projects/TodoBro009/Content/Mesh/Foliage/Grass/GrassSImple.uasset" 568
"D:/Projects/TodoBro009/Content/Material/Landscape/MyLandscapeGrassType.uasset" 569
"D:/Projects/TodoBro009/Content/Material/Landscape/Grass_LayerInfo.uasset" 570
"D:/Projects/TodoBro009/Content/Material/Landscape/Rock_LayerInfo.uasset" 571
"D:/Projects/TodoBro009/Content/CutScene/Chapter1/MarcelloAndLucianoTest.uasset" 572
"D:/Projects/TodoBro009/Content/CutScene/Chapter1/NewLevelSequence_test2.uasset" 573
"D:/Projects/TodoBro009/Content/Maps/Final_GameMap_BuiltData.uasset" 574
"D:/Projects/TodoBro009/Content/Material/Textures/Cliffs/LPT_CliffSurface_D.uasset" 575
"D:/Projects/TodoBro009/Content/Material/Textures/Cliffs/LPT_CliffSurface_N.uasset" 576
"D:/Projects/TodoBro009/Content/Material/Textures/Grass/LPT_Grass_D.uasset" 577
"D:/Projects/TodoBro009/Content/Material/Textures/Rock/LPT_Rock_D.uasset" 578
"D:/Projects/TodoBro009/Content/Material/Landscape/Landscape.uasset" 579
"D:/Projects/TodoBro009/Content/SuperGrid/StarterPack/Materials/Functions/Basic/Layout_LocalSides.uasset" 580
"D:/Projects/TodoBro009/Content/SuperGrid/StarterPack/Materials/Functions/Basic/Layout_WorldSides.uasset" 581
"D:/Projects/TodoBro009/Content/SuperGrid/StarterPack/Materials/Functions/UV/UV_CustomTexture.uasset" 582
"D:/Projects/TodoBro009/Content/SuperGrid/StarterPack/Source/Textures/T_CustomMetal_M.uasset" 583
"D:/Projects/TodoBro009/Content/SuperGrid/StarterPack/Source/Textures/T_CustomMetal_N.uasset" 584
"D:/Projects/TodoBro009/Content/SuperGrid/StarterPack/Materials/Base/M_SuperGrid_MetalCustom.uasset" 585
"D:/Projects/TodoBro009/Content/SuperGrid/StarterPack/Materials/Base/M_SuperGrid_Orientation.uasset" 586
"D:/Projects/TodoBro009/Content/SuperGrid/StarterPack/Materials/Palette/Advanced/M_SuperGrid_Auto.uasset" 587
"D:/Projects/TodoBro009/Content/SuperGrid/StarterPack/Materials/Palette/Grids/M_SuperGrid_DefaultBlack.uasset" 588
"D:/Projects/TodoBro009/Content/SuperGrid/StarterPack/Materials/Palette/Grids/M_SuperGrid_Rock.uasset" 589
"D:/Projects/TodoBro009/Content/FX/Fire/Pfx_FlamesAtlas.uasset" 590
"D:/Projects/TodoBro009/Content/FX/Fire/Pfx_Fire_M.uasset" 591
"D:/Projects/TodoBro009/Content/FX/Dust/PFX_Spark.uasset" 592
"D:/Projects/TodoBro009/Content/FX/Dust/Pfx_Dust.uasset" 593
"D:/Projects/TodoBro009/Content/FX/Dust/Dust_ParticleSystem.uasset" 594
"D:/Projects/TodoBro009/Content/Material/Textures/LUT/LUT_Reddish.uasset" 595
"D:/Projects/TodoBro009/Content/Mesh/Static/Elephant.uasset" 596
"D:/Projects/TodoBro009/Content/Mesh/Static/Rock/SM_Stone_Big_Var01.uasset" 597
"D:/Projects/TodoBro009/Content/Mesh/Static/Rock/SM_Stone_Big_Var02.uasset" 598
"D:/Projects/TodoBro009/Content/Mesh/Static/Rock/SM_Stone_Big_Var03.uasset" 599
"D:/Projects/TodoBro009/Content/Mesh/Static/Rock/SM_Stone_Big_Var04.uasset" 600
"D:/Projects/TodoBro009/Content/Mesh/Static/Rock/SM_Stone_Big_Var05.uasset" 601
"D:/Projects/TodoBro009/Content/SuperGrid/StarterPack/Source/Meshes/SuperGrid_Cone.uasset" 602
"D:/Projects/TodoBro009/Content/SuperGrid/StarterPack/Source/Meshes/SuperGrid_CylinderFull.uasset" 603
"D:/Projects/TodoBro009/Content/SuperGrid/StarterPack/Source/Meshes/SuperGrid_Plane.uasset" 604
"D:/Projects/TodoBro009/Content/SuperGrid/StarterPack/Source/Meshes/SuperGrid_Pyramide.uasset" 605
"D:/Projects/TodoBro009/Content/SuperGrid/StarterPack/Source/Meshes/SuperGrid_RingFull.uasset" 606
"D:/Projects/TodoBro009/Content/SuperGrid/StarterPack/Source/Meshes/SuperGrid_RingQuarter.uasset" 607
"D:/Projects/TodoBro009/Content/SuperGrid/StarterPack/Source/Meshes/SuperGrid_Stairs.uasset" 608
"D:/Projects/TodoBro009/Content/Maps/Final_GameMap.umap" 609
